  glad.c
  glutils.cpp
  glslprogram.cpp
  objmesh.cpp
C:\Users\Nutzer\Documents\Dev\openGLPbrExample\isolated\includes\objmesh.cpp(188,43): warning C4267: '+=': conversion from 'size_t' to 'int', possible loss of data
C:\Users\Nutzer\Documents\Dev\openGLPbrExample\isolated\includes\objmesh.cpp(194,50): warning C4267: '+=': conversion from 'size_t' to 'int', possible loss of data
C:\Users\Nutzer\Documents\Dev\openGLPbrExample\isolated\includes\objmesh.cpp(198,45): warning C4267: '+=': conversion from 'size_t' to 'int', possible loss of data
  plane.cpp
  trianglemesh.cpp
  main.cpp
C:\Users\Nutzer\Documents\Dev\openGLPbrExample\isolated\includes\camera.h(99,23): warning C4244: 'initializing': conversion from 'double' to 'float', possible loss of data
C:\Users\Nutzer\Documents\Dev\openGLPbrExample\isolated\includes\camera.h(100,23): warning C4244: 'initializing': conversion from 'double' to 'float', possible loss of data
  scenepbr.cpp
C:\Users\Nutzer\Documents\Dev\openGLPbrExample\isolated\includes\camera.h(99,23): warning C4244: 'initializing': conversion from 'double' to 'float', possible loss of data
C:\Users\Nutzer\Documents\Dev\openGLPbrExample\isolated\includes\camera.h(100,23): warning C4244: 'initializing': conversion from 'double' to 'float', possible loss of data
C:\Users\Nutzer\Documents\Dev\openGLPbrExample\isolated\scenepbr.cpp(65,36): warning C4244: 'argument': conversion from 'double' to 'float', possible loss of data
C:\Users\Nutzer\Documents\Dev\openGLPbrExample\isolated\scenepbr.cpp(65,30): warning C4244: 'argument': conversion from 'double' to 'float', possible loss of data
C:\Users\Nutzer\Documents\Dev\openGLPbrExample\isolated\scenepbr.cpp(89,29): warning C4244: '+=': conversion from 'double' to 'float', possible loss of data
C:\Users\Nutzer\Documents\Dev\openGLPbrExample\isolated\scenepbr.cpp(94,29): warning C4244: '-=': conversion from 'double' to 'float', possible loss of data
  Generating Code...
LINK : warning LNK4098: defaultlib 'MSVCRT' conflicts with use of other libs; use /NODEFAULTLIB:library
  isolated.vcxproj -> C:\Users\Nutzer\Documents\Dev\openGLPbrExample\x64\Debug\isolated.exe
