c:\users\nutzer\documents\dev\openglpbrexample\isolated\x64\debug\vc142.pdb
c:\users\nutzer\documents\dev\openglpbrexample\isolated\x64\debug\vc142.idb
c:\users\nutzer\documents\dev\openglpbrexample\isolated\x64\debug\glad.obj
c:\users\nutzer\documents\dev\openglpbrexample\isolated\x64\debug\scenepbr.obj
c:\users\nutzer\documents\dev\openglpbrexample\isolated\x64\debug\scenebasic.obj
c:\users\nutzer\documents\dev\openglpbrexample\isolated\x64\debug\main.obj
c:\users\nutzer\documents\dev\openglpbrexample\isolated\x64\debug\trianglemesh.obj
c:\users\nutzer\documents\dev\openglpbrexample\isolated\x64\debug\plane.obj
c:\users\nutzer\documents\dev\openglpbrexample\isolated\x64\debug\objmesh.obj
c:\users\nutzer\documents\dev\openglpbrexample\isolated\x64\debug\glslprogram.obj
c:\users\nutzer\documents\dev\openglpbrexample\isolated\x64\debug\glutils.obj
c:\users\nutzer\documents\dev\openglpbrexample\x64\debug\isolated.ilk
c:\users\nutzer\documents\dev\openglpbrexample\x64\debug\isolated.exe
c:\users\nutzer\documents\dev\openglpbrexample\x64\debug\isolated.pdb
c:\users\nutzer\documents\dev\openglpbrexample\isolated\x64\debug\isolated.tlog\cl.command.1.tlog
c:\users\nutzer\documents\dev\openglpbrexample\isolated\x64\debug\isolated.tlog\cl.read.1.tlog
c:\users\nutzer\documents\dev\openglpbrexample\isolated\x64\debug\isolated.tlog\cl.write.1.tlog
c:\users\nutzer\documents\dev\openglpbrexample\isolated\x64\debug\isolated.tlog\link.command.1.tlog
c:\users\nutzer\documents\dev\openglpbrexample\isolated\x64\debug\isolated.tlog\link.read.1.tlog
c:\users\nutzer\documents\dev\openglpbrexample\isolated\x64\debug\isolated.tlog\link.write.1.tlog
